info it worked if it ends with ok
verbose cli [ 'node', '/usr/local/bin/npm', 'install' ]
info using npm@1.1.4
info using node@v0.6.12
verbose config file /Users/adriano/.npmrc
verbose config file /usr/local/etc/npmrc
verbose config file /usr/local/lib/node_modules/npm/npmrc
verbose caching /Users/adriano/Documents/Developer/nodejs/ha_tracker/package.json
verbose loadDefaults ha_tracker@0.0.1
verbose readDependencies: using package.json deps
verbose where, deps [ '/Users/adriano/Documents/Developer/nodejs/ha_tracker',
verbose where, deps   [ 'express',
verbose where, deps     'mongoose',
verbose where, deps     'mongoose-ttl',
verbose where, deps     'nodemailer',
verbose where, deps     'connect-redis',
verbose where, deps     'hiredis',
verbose where, deps     'redis-url',
verbose where, deps     'jade',
verbose where, deps     'stylus',
verbose where, deps     'underscore' ] ]
verbose from cache /Users/adriano/Documents/Developer/nodejs/ha_tracker/package.json
info preinstall ha_tracker@0.0.1
verbose caching /Users/adriano/Documents/Developer/nodejs/ha_tracker/node_modules/connect-redis/package.json
verbose caching /Users/adriano/Documents/Developer/nodejs/ha_tracker/node_modules/express/package.json
verbose caching /Users/adriano/Documents/Developer/nodejs/ha_tracker/node_modules/jade/package.json
verbose caching /Users/adriano/Documents/Developer/nodejs/ha_tracker/node_modules/mailer/package.json
verbose caching /Users/adriano/Documents/Developer/nodejs/ha_tracker/node_modules/mongoose/package.json
verbose caching /Users/adriano/Documents/Developer/nodejs/ha_tracker/node_modules/nodemailer/package.json
verbose caching /Users/adriano/Documents/Developer/nodejs/ha_tracker/node_modules/nodetime/package.json
verbose caching /Users/adriano/Documents/Developer/nodejs/ha_tracker/node_modules/redis/package.json
verbose caching /Users/adriano/Documents/Developer/nodejs/ha_tracker/node_modules/redis-url/package.json
verbose caching /Users/adriano/Documents/Developer/nodejs/ha_tracker/node_modules/stylus/package.json
verbose caching /Users/adriano/Documents/Developer/nodejs/ha_tracker/node_modules/underscore/package.json
verbose has wscript [ undefined,
verbose has wscript   { file: '/Users/adriano/Documents/Developer/nodejs/ha_tracker/node_modules/hiredis/package.json',
verbose has wscript     contributors: false,
verbose has wscript     serverjs: false,
verbose has wscript     wscript: true } ]
verbose caching /Users/adriano/Documents/Developer/nodejs/ha_tracker/node_modules/hiredis/package.json
verbose from cache /Users/adriano/Documents/Developer/nodejs/ha_tracker/package.json
verbose readDependencies: using package.json deps
verbose from cache /Users/adriano/Documents/Developer/nodejs/ha_tracker/node_modules/connect-redis/package.json
verbose from cache /Users/adriano/Documents/Developer/nodejs/ha_tracker/node_modules/express/package.json
verbose from cache /Users/adriano/Documents/Developer/nodejs/ha_tracker/node_modules/hiredis/package.json
verbose from cache /Users/adriano/Documents/Developer/nodejs/ha_tracker/node_modules/jade/package.json
verbose from cache /Users/adriano/Documents/Developer/nodejs/ha_tracker/node_modules/mailer/package.json
verbose from cache /Users/adriano/Documents/Developer/nodejs/ha_tracker/node_modules/mongoose/package.json
verbose from cache /Users/adriano/Documents/Developer/nodejs/ha_tracker/node_modules/nodemailer/package.json
verbose from cache /Users/adriano/Documents/Developer/nodejs/ha_tracker/node_modules/nodetime/package.json
verbose from cache /Users/adriano/Documents/Developer/nodejs/ha_tracker/node_modules/redis/package.json
verbose from cache /Users/adriano/Documents/Developer/nodejs/ha_tracker/node_modules/redis-url/package.json
verbose from cache /Users/adriano/Documents/Developer/nodejs/ha_tracker/node_modules/stylus/package.json
verbose from cache /Users/adriano/Documents/Developer/nodejs/ha_tracker/node_modules/underscore/package.json
verbose already installed in /Users/adriano/Documents/Developer/nodejs/ha_tracker skipping express@3.0.0alpha1
verbose already installed in /Users/adriano/Documents/Developer/nodejs/ha_tracker skipping mongoose@2.6.3
verbose cache add [ 'mongoose-ttl@0.0.2', null ]
silly cache add: name, spec, args [ undefined,
silly cache add: name, spec, args   'mongoose-ttl@0.0.2',
silly cache add: name, spec, args   [ 'mongoose-ttl@0.0.2', null ] ]
verbose parsed url { pathname: 'mongoose-ttl@0.0.2',
verbose parsed url   path: 'mongoose-ttl@0.0.2',
verbose parsed url   href: 'mongoose-ttl@0.0.2' }
silly cache add: name, spec, args [ 'mongoose-ttl', '0.0.2', [ 'mongoose-ttl', '0.0.2' ] ]
verbose parsed url { pathname: '0.0.2', path: '0.0.2', href: '0.0.2' }
verbose addNamed [ 'mongoose-ttl', '0.0.2' ]
verbose addNamed [ '0.0.2', '0.0.2' ]
verbose already installed in /Users/adriano/Documents/Developer/nodejs/ha_tracker skipping nodemailer@0.3.x
verbose already installed in /Users/adriano/Documents/Developer/nodejs/ha_tracker skipping connect-redis@*
verbose already installed in /Users/adriano/Documents/Developer/nodejs/ha_tracker skipping hiredis@0.1.x
verbose already installed in /Users/adriano/Documents/Developer/nodejs/ha_tracker skipping redis-url@0.1.x
verbose already installed in /Users/adriano/Documents/Developer/nodejs/ha_tracker skipping jade@*
verbose already installed in /Users/adriano/Documents/Developer/nodejs/ha_tracker skipping stylus@*
verbose raw, before any munging mongoose-ttl/0.0.2
verbose url resolving [ 'https://registry.npmjs.org/', './mongoose-ttl/0.0.2' ]
verbose url resolved https://registry.npmjs.org/mongoose-ttl/0.0.2
http GET https://registry.npmjs.org/mongoose-ttl/0.0.2
verbose already installed in /Users/adriano/Documents/Developer/nodejs/ha_tracker skipping underscore@*
http 200 https://registry.npmjs.org/mongoose-ttl/0.0.2
silly get cb [ 200,
silly get cb   { vary: 'Accept',
silly get cb     server: 'CouchDB/1.2.0 (Erlang OTP/R15B)',
silly get cb     etag: '"C3V0GR7MXWXCPYIXTBA2AYBYL"',
silly get cb     date: 'Wed, 30 May 2012 18:39:24 GMT',
silly get cb     'content-type': 'application/json',
silly get cb     'content-length': '850' } ]
verbose mkdir (expected) error ENOENT, no such file or directory '/Users/adriano/.npm/mongoose-ttl/0.0.2'
verbose mkdir done: /Users/adriano/.npm/mongoose-ttl/0.0.2 755
verbose bin dist [ '0.6-ares1.7.5-DEV-evundefined-openssl0.9.8r-v83.6.6.24-darwin-x64-11.4.0',
verbose bin dist   { shasum: '22a4353187ea6539a7a581568ec7ef5734dfb8e2',
verbose bin dist     tarball: 'http://registry.npmjs.org/mongoose-ttl/-/mongoose-ttl-0.0.2.tgz' } ]
verbose addRemoteTarball [ 'https://registry.npmjs.org/mongoose-ttl/-/mongoose-ttl-0.0.2.tgz',
verbose addRemoteTarball   '22a4353187ea6539a7a581568ec7ef5734dfb8e2' ]
verbose mkdir (expected) error ENOENT, no such file or directory '/var/folders/qw/w3zxn8kd6x1g15vv10670x_w0000gn/T/npm-1338403164645'
verbose mkdir (expected) error ENOENT, no such file or directory '/var/folders/qw/w3zxn8kd6x1g15vv10670x_w0000gn/T/npm-1338403164645/1338403164645-0.3857547543011606'
verbose mkdir done: /var/folders/qw/w3zxn8kd6x1g15vv10670x_w0000gn/T/npm-1338403164645/1338403164645-0.3857547543011606 755
verbose fetch to /var/folders/qw/w3zxn8kd6x1g15vv10670x_w0000gn/T/npm-1338403164645/1338403164645-0.3857547543011606/tmp.tgz
http GET https://registry.npmjs.org/mongoose-ttl/-/mongoose-ttl-0.0.2.tgz
http 200 https://registry.npmjs.org/mongoose-ttl/-/mongoose-ttl-0.0.2.tgz
silly updated sha bytes 5216
info shasum 22a4353187ea6539a7a581568ec7ef5734dfb8e2
info shasum /var/folders/qw/w3zxn8kd6x1g15vv10670x_w0000gn/T/npm-1338403164645/1338403164645-0.3857547543011606/tmp.tgz
verbose mkdir (expected) error ENOENT, no such file or directory '/var/folders/qw/w3zxn8kd6x1g15vv10670x_w0000gn/T/npm-1338403164645/1338403164645-0.3857547543011606/___package.npm'
verbose mkdir done: /var/folders/qw/w3zxn8kd6x1g15vv10670x_w0000gn/T/npm-1338403164645/1338403164645-0.3857547543011606/___package.npm 755
verbose unpack_ uid, gid [ undefined, undefined ]
verbose unpackTarget /var/folders/qw/w3zxn8kd6x1g15vv10670x_w0000gn/T/npm-1338403164645/1338403164645-0.3857547543011606/package
silly gunzTarPerm modes [ '755', '644' ]
silly afterUntar ok
silly asyncMap in gTP /var/folders/qw/w3zxn8kd6x1g15vv10670x_w0000gn/T/npm-1338403164645/1338403164645-0.3857547543011606/___package.npm/package
silly asyncMap in gTP /var/folders/qw/w3zxn8kd6x1g15vv10670x_w0000gn/T/npm-1338403164645/1338403164645-0.3857547543011606/___package.npm/package/.gitignore
silly asyncMap in gTP /var/folders/qw/w3zxn8kd6x1g15vv10670x_w0000gn/T/npm-1338403164645/1338403164645-0.3857547543011606/___package.npm/package/.travis.yml
silly asyncMap in gTP /var/folders/qw/w3zxn8kd6x1g15vv10670x_w0000gn/T/npm-1338403164645/1338403164645-0.3857547543011606/___package.npm/package/History.md
silly asyncMap in gTP /var/folders/qw/w3zxn8kd6x1g15vv10670x_w0000gn/T/npm-1338403164645/1338403164645-0.3857547543011606/___package.npm/package/index.js
silly asyncMap in gTP /var/folders/qw/w3zxn8kd6x1g15vv10670x_w0000gn/T/npm-1338403164645/1338403164645-0.3857547543011606/___package.npm/package/LICENSE
silly asyncMap in gTP /var/folders/qw/w3zxn8kd6x1g15vv10670x_w0000gn/T/npm-1338403164645/1338403164645-0.3857547543011606/___package.npm/package/Makefile
silly asyncMap in gTP /var/folders/qw/w3zxn8kd6x1g15vv10670x_w0000gn/T/npm-1338403164645/1338403164645-0.3857547543011606/___package.npm/package/package.json
silly asyncMap in gTP /var/folders/qw/w3zxn8kd6x1g15vv10670x_w0000gn/T/npm-1338403164645/1338403164645-0.3857547543011606/___package.npm/package/Readme.md
silly asyncMap in gTP /var/folders/qw/w3zxn8kd6x1g15vv10670x_w0000gn/T/npm-1338403164645/1338403164645-0.3857547543011606/___package.npm/package/lib
silly asyncMap in gTP /var/folders/qw/w3zxn8kd6x1g15vv10670x_w0000gn/T/npm-1338403164645/1338403164645-0.3857547543011606/___package.npm/package/lib/ttl.js
silly asyncMap in gTP /var/folders/qw/w3zxn8kd6x1g15vv10670x_w0000gn/T/npm-1338403164645/1338403164645-0.3857547543011606/___package.npm/package/test
silly asyncMap in gTP /var/folders/qw/w3zxn8kd6x1g15vv10670x_w0000gn/T/npm-1338403164645/1338403164645-0.3857547543011606/___package.npm/package/test/index.js
verbose gunzed /var/folders/qw/w3zxn8kd6x1g15vv10670x_w0000gn/T/npm-1338403164645/1338403164645-0.3857547543011606/___package.npm/package
verbose rm'ed /var/folders/qw/w3zxn8kd6x1g15vv10670x_w0000gn/T/npm-1338403164645/1338403164645-0.3857547543011606/package
verbose renamed [ '/var/folders/qw/w3zxn8kd6x1g15vv10670x_w0000gn/T/npm-1338403164645/1338403164645-0.3857547543011606/___package.npm/package',
verbose renamed   '/var/folders/qw/w3zxn8kd6x1g15vv10670x_w0000gn/T/npm-1338403164645/1338403164645-0.3857547543011606/package' ]
verbose caching /var/folders/qw/w3zxn8kd6x1g15vv10670x_w0000gn/T/npm-1338403164645/1338403164645-0.3857547543011606/package/package.json
verbose loadDefaults mongoose-ttl@0.0.2
verbose tarball contents [ 'package', 'tmp.tgz' ]
verbose from cache /var/folders/qw/w3zxn8kd6x1g15vv10670x_w0000gn/T/npm-1338403164645/1338403164645-0.3857547543011606/package/package.json
verbose pack /var/folders/qw/w3zxn8kd6x1g15vv10670x_w0000gn/T/npm-1338403164645/1338403164645-0.3857547543011606/package
verbose pack /var/folders/qw/w3zxn8kd6x1g15vv10670x_w0000gn/T/npm-1338403164645/1338403164645-0.3857547543011606/package /Users/adriano/.npm/mongoose-ttl/0.0.2/package.tgz
silly makeList /var/folders/qw/w3zxn8kd6x1g15vv10670x_w0000gn/T/npm-1338403164645/1338403164645-0.3857547543011606/package
silly dir, dirLen [ '/var/folders/qw/w3zxn8kd6x1g15vv10670x_w0000gn/T/npm-1338403164645/1338403164645-0.3857547543011606/package',
silly dir, dirLen   108 ]
verbose tarball /Users/adriano/.npm/mongoose-ttl/0.0.2/package.tgz
verbose parent /var/folders/qw/w3zxn8kd6x1g15vv10670x_w0000gn/T/npm-1338403164645/1338403164645-0.3857547543011606/package
verbose mkdir (expected) error ENOENT, no such file or directory '/Users/adriano/.npm/mongoose-ttl/0.0.2/___package.npm'
verbose mkdir done: /Users/adriano/.npm/mongoose-ttl/0.0.2/___package.npm 755
verbose unpack_ uid, gid [ undefined, undefined ]
verbose unpackTarget /Users/adriano/.npm/mongoose-ttl/0.0.2/package
silly gunzTarPerm modes [ '755', '644' ]
silly afterUntar ok
silly asyncMap in gTP /Users/adriano/.npm/mongoose-ttl/0.0.2/___package.npm/package
silly asyncMap in gTP /Users/adriano/.npm/mongoose-ttl/0.0.2/___package.npm/package/.npmignore
silly asyncMap in gTP /Users/adriano/.npm/mongoose-ttl/0.0.2/___package.npm/package/.travis.yml
silly asyncMap in gTP /Users/adriano/.npm/mongoose-ttl/0.0.2/___package.npm/package/History.md
silly asyncMap in gTP /Users/adriano/.npm/mongoose-ttl/0.0.2/___package.npm/package/index.js
silly asyncMap in gTP /Users/adriano/.npm/mongoose-ttl/0.0.2/___package.npm/package/LICENSE
silly asyncMap in gTP /Users/adriano/.npm/mongoose-ttl/0.0.2/___package.npm/package/Makefile
silly asyncMap in gTP /Users/adriano/.npm/mongoose-ttl/0.0.2/___package.npm/package/package.json
silly asyncMap in gTP /Users/adriano/.npm/mongoose-ttl/0.0.2/___package.npm/package/Readme.md
silly asyncMap in gTP /Users/adriano/.npm/mongoose-ttl/0.0.2/___package.npm/package/lib
silly asyncMap in gTP /Users/adriano/.npm/mongoose-ttl/0.0.2/___package.npm/package/lib/ttl.js
silly asyncMap in gTP /Users/adriano/.npm/mongoose-ttl/0.0.2/___package.npm/package/test
silly asyncMap in gTP /Users/adriano/.npm/mongoose-ttl/0.0.2/___package.npm/package/test/index.js
verbose gunzed /Users/adriano/.npm/mongoose-ttl/0.0.2/___package.npm/package
verbose rm'ed /Users/adriano/.npm/mongoose-ttl/0.0.2/package
verbose renamed [ '/Users/adriano/.npm/mongoose-ttl/0.0.2/___package.npm/package',
verbose renamed   '/Users/adriano/.npm/mongoose-ttl/0.0.2/package' ]
verbose caching /Users/adriano/.npm/mongoose-ttl/0.0.2/package/package.json
verbose loadDefaults mongoose-ttl@0.0.2
silly updated sha bytes 5239
info shasum a6ab470763d78ff1ead723c74f6acf8ff0ca3e9f
info shasum /Users/adriano/.npm/mongoose-ttl/0.0.2/package.tgz
verbose from cache /Users/adriano/.npm/mongoose-ttl/0.0.2/package/package.json
verbose chmod /Users/adriano/.npm/mongoose-ttl/0.0.2/package.tgz 644
verbose chown [ '/Users/adriano/.npm/mongoose-ttl/0.0.2/package.tgz', 501, 20 ]
silly resolved [ { author: 
silly resolved      { name: 'Aaron Heckmann',
silly resolved        email: 'aaron.heckmann+github@gmail.com' },
silly resolved     name: 'mongoose-ttl',
silly resolved     description: 'Mongoose Time-To-Live plugin',
silly resolved     version: '0.0.2',
silly resolved     main: 'index',
silly resolved     repository: 
silly resolved      { type: 'git',
silly resolved        url: 'git://github.com/aheckmann/mongoose-ttl.git' },
silly resolved     scripts: { test: 'make test' },
silly resolved     engines: { node: '~0.4.x < 0.7.0' },
silly resolved     dependencies: { ms: '0.1.0' },
silly resolved     devDependencies: { mongoose: '2.5.2', mocha: '0.10.1', should: '0.5.1' },
silly resolved     _id: 'mongoose-ttl@0.0.2',
silly resolved     optionalDependencies: {},
silly resolved     _engineSupported: false,
silly resolved     _npmVersion: '1.1.4',
silly resolved     _nodeVersion: 'v0.6.12',
silly resolved     _defaultsLoaded: true,
silly resolved     dist: { shasum: 'a6ab470763d78ff1ead723c74f6acf8ff0ca3e9f' },
silly resolved     _from: 'mongoose-ttl@0.0.2' } ]
info into /Users/adriano/Documents/Developer/nodejs/ha_tracker mongoose-ttl@0.0.2
info installOne mongoose-ttl@0.0.2
verbose installOne cb mongoose-ttl@0.0.2
ERR! Unsupported
ERR! Not compatible with your version of node/npm: mongoose-ttl@0.0.2
ERR! Required: {"node":"~0.4.x < 0.7.0"}
ERR! Actual:   {"npm":"1.1.4","node":"0.6.12"}
ERR! 
ERR! System Darwin 11.4.0
ERR! command "node" "/usr/local/bin/npm" "install"
ERR! cwd /Users/adriano/Documents/Developer/nodejs/ha_tracker
ERR! node -v v0.6.12
ERR! npm -v 1.1.4
ERR! code ENOTSUP
ERR! message Unsupported
ERR! errno {}
verbose exit [ 1, true ]
